<component name="ArtifactManager">
  <artifact type="exploded-war" name="junit_web:war exploded">
    <output-path>$PROJECT_DIR$/target/junit_web-1.0-SNAPSHOT</output-path>
    <properties id="maven-jee-properties">
      <options>
        <exploded>true</exploded>
        <module>junit_web</module>
        <packaging>war</packaging>
      </options>
    </properties>
    <root id="root">
      <element id="directory" name="WEB-INF">
        <element id="directory" name="classes">
          <element id="module-output" name="junit_web" />
        </element>
        <element id="directory" name="lib">
          <element id="library" level="project" name="Maven: org.springframework:spring-context:5.0.5.RELEASE" />
          <element id="library" level="project" name="Maven: org.springframework:spring-aop:5.0.5.RELEASE" />
          <element id="library" level="project" name="Maven: org.springframework:spring-beans:5.0.5.RELEASE" />
          <element id="library" level="project" name="Maven: org.springframework:spring-core:5.0.5.RELEASE" />
          <element id="library" level="project" name="Maven: org.springframework:spring-jcl:5.0.5.RELEASE" />
          <element id="library" level="project" name="Maven: org.springframework:spring-expression:5.0.5.RELEASE" />
          <element id="library" level="project" name="Maven: com.fasterxml.jackson.dataformat:jackson-dataformat-yaml:2.3.3" />
          <element id="library" level="project" name="Maven: com.fasterxml.jackson.core:jackson-databind:2.9.5" />
          <element id="library" level="project" name="Maven: org.springframework:spring-test:5.0.5.RELEASE" />
          <element id="library" level="project" name="Maven: org.springframework:spring-tx:5.0.5.RELEASE" />
          <element id="library" level="project" name="Maven: mysql:mysql-connector-java:8.0.11" />
          <element id="library" level="project" name="Maven: com.google.protobuf:protobuf-java:2.6.0" />
          <element id="library" level="project" name="Maven: com.mchange:c3p0:0.9.5.2" />
          <element id="library" level="project" name="Maven: com.mchange:mchange-commons-java:0.2.11" />
          <element id="library" level="project" name="Maven: com.alibaba:druid:1.2.5" />
          <element id="library" level="project" name="Maven: javax.annotation:javax.annotation-api:1.3.2" />
          <element id="library" level="project" name="Maven: org.aspectj:aspectjweaver:1.9.6" />
          <element id="library" level="project" name="Maven: org.springframework:spring-jdbc:5.0.5.RELEASE" />
          <element id="library" level="project" name="Maven: org.projectlombok:lombok:1.16.10" />
          <element id="library" level="project" name="Maven: javax.servlet:servlet-api:2.5" />
          <element id="library" level="project" name="Maven: javax.servlet.jsp:javax.servlet.jsp-api:2.2.1" />
          <element id="library" level="project" name="Maven: org.springframework:spring-web:5.0.5.RELEASE" />
          <element id="library" level="project" name="Maven: org.springframework:spring-webmvc:5.0.5.RELEASE" />
          <element id="library" level="project" name="Maven: com.fasterxml.jackson.core:jackson-core:2.9.5" />
          <element id="library" level="project" name="Maven: com.fasterxml.jackson.core:jackson-annotations:2.9.5" />
          <element id="library" level="project" name="Maven: com.fasterxml.jackson.module:jackson-module-jaxb-annotations:2.9.5" />
          <element id="library" level="project" name="Maven: commons-fileupload:commons-fileupload:1.4" />
          <element id="library" level="project" name="Maven: commons-io:commons-io:2.2" />
        </element>
      </element>
      <element id="directory" name="META-INF">
        <element id="file-copy" path="$PROJECT_DIR$/target/junit_web-1.0-SNAPSHOT/META-INF/MANIFEST.MF" />
      </element>
      <element id="javaee-facet-resources" facet="junit_web/web/Web" />
    </root>
  </artifact>
</component>